[1.340s] Invoking command in '/home/guygan/ros2_ws/src/my_robot_description': DEBUGINFOD_URLS=https://debuginfod.ubuntu.com PYTHONPATH=/home/guygan/ros2_ws/src/my_robot_description/build/my_robot_description/prefix_override:/usr/lib/python3/dist-packages/colcon_core/task/python/colcon_distutils_commands:/home/guygan/ros2_ws/src/my_robot_description/install/my_robot_description/lib/python3.12/site-packages:${PYTHONPATH} /usr/bin/python3 -W ignore:setup.py install is deprecated -W ignore:easy_install command is deprecated setup.py egg_info --egg-base build/my_robot_description build --build-base /home/guygan/ros2_ws/src/my_robot_description/build/my_robot_description/build install --record /home/guygan/ros2_ws/src/my_robot_description/build/my_robot_description/install.log --single-version-externally-managed install_data
[1.799s] running egg_info
[1.834s] writing build/my_robot_description/my_robot_description.egg-info/PKG-INFO
[1.834s] writing dependency_links to build/my_robot_description/my_robot_description.egg-info/dependency_links.txt
[1.834s] writing requirements to build/my_robot_description/my_robot_description.egg-info/requires.txt
[1.835s] writing top-level names to build/my_robot_description/my_robot_description.egg-info/top_level.txt
[1.900s] reading manifest file 'build/my_robot_description/my_robot_description.egg-info/SOURCES.txt'
[1.901s] writing manifest file 'build/my_robot_description/my_robot_description.egg-info/SOURCES.txt'
[1.902s] running build
[1.902s] running build_py
[1.902s] running install
[1.915s] running install_lib
[1.950s] running install_data
[1.951s] copying launch/display.launch.py -> /home/guygan/ros2_ws/src/my_robot_description/install/my_robot_description/share/my_robot_description/launch
[1.951s] running install_egg_info
[1.986s] removing '/home/guygan/ros2_ws/src/my_robot_description/install/my_robot_description/lib/python3.12/site-packages/my_robot_description-0.0.0-py3.12.egg-info' (and everything under it)
[1.986s] Copying build/my_robot_description/my_robot_description.egg-info to /home/guygan/ros2_ws/src/my_robot_description/install/my_robot_description/lib/python3.12/site-packages/my_robot_description-0.0.0-py3.12.egg-info
[1.987s] running install_scripts
[2.208s] writing list of installed files to '/home/guygan/ros2_ws/src/my_robot_description/build/my_robot_description/install.log'
[2.257s] Invoked command in '/home/guygan/ros2_ws/src/my_robot_description' returned '0': DEBUGINFOD_URLS=https://debuginfod.ubuntu.com PYTHONPATH=/home/guygan/ros2_ws/src/my_robot_description/build/my_robot_description/prefix_override:/usr/lib/python3/dist-packages/colcon_core/task/python/colcon_distutils_commands:/home/guygan/ros2_ws/src/my_robot_description/install/my_robot_description/lib/python3.12/site-packages:${PYTHONPATH} /usr/bin/python3 -W ignore:setup.py install is deprecated -W ignore:easy_install command is deprecated setup.py egg_info --egg-base build/my_robot_description build --build-base /home/guygan/ros2_ws/src/my_robot_description/build/my_robot_description/build install --record /home/guygan/ros2_ws/src/my_robot_description/build/my_robot_description/install.log --single-version-externally-managed install_data
