[0.254s] DEBUG:colcon:Command line arguments: ['/usr/bin/colcon', 'build', '--packages-select', 'ros_101_turtlesim']
[0.255s] DEBUG:colcon:Parsed command line arguments: Namespace(log_base=None, log_level=None, verb_name='build', build_base='build', install_base='install', merge_install=False, symlink_install=False, test_result_base=None, continue_on_error=False, executor='parallel', parallel_workers=4, event_handlers=None, ignore_user_meta=False, metas=['./colcon.meta'], base_paths=['.'], packages_ignore=None, packages_ignore_regex=None, paths=None, packages_up_to=None, packages_up_to_regex=None, packages_above=None, packages_above_and_dependencies=None, packages_above_depth=None, packages_select_by_dep=None, packages_skip_by_dep=None, packages_skip_up_to=None, packages_select_build_failed=False, packages_skip_build_finished=False, packages_select_test_failures=False, packages_skip_test_passed=False, packages_select=['ros_101_turtlesim'], packages_skip=None, packages_select_regex=None, packages_skip_regex=None, packages_start=None, packages_end=None, allow_overriding=[], cmake_args=None, cmake_target=None, cmake_target_skip_unavailable=False, cmake_clean_cache=False, cmake_clean_first=False, cmake_force_configure=False, ament_cmake_args=None, catkin_cmake_args=None, catkin_skip_building_tests=False, mixin_files=None, mixin=None, verb_parser=<colcon_mixin.mixin.mixin_argument.MixinArgumentDecorator object at 0x7525f4bc2f90>, verb_extension=<colcon_core.verb.build.BuildVerb object at 0x7525f4bc2c90>, main=<bound method BuildVerb.main of <colcon_core.verb.build.BuildVerb object at 0x7525f4bc2c90>>, mixin_verb=('build',))
[0.358s] Level 1:colcon.colcon_core.package_discovery:discover_packages(colcon_meta) check parameters
[0.359s] Level 1:colcon.colcon_core.package_discovery:discover_packages(recursive) check parameters
[0.359s] Level 1:colcon.colcon_core.package_discovery:discover_packages(ignore) check parameters
[0.359s] Level 1:colcon.colcon_core.package_discovery:discover_packages(path) check parameters
[0.359s] Level 1:colcon.colcon_core.package_discovery:discover_packages(colcon_meta) discover
[0.359s] Level 1:colcon.colcon_core.package_discovery:discover_packages(recursive) discover
[0.359s] INFO:colcon.colcon_core.package_discovery:Crawling recursively for packages in '/home/guygan/ros2_ws/src/sor_ros101_chantrawongphaisal/ros_101_turtlesim'
[0.359s] Level 1:colcon.colcon_core.package_identification:_identify(.) by extensions ['ignore', 'ignore_ament_install']
[0.360s] Level 1:colcon.colcon_core.package_identification:_identify(.) by extension 'ignore'
[0.360s] Level 1:colcon.colcon_core.package_identification:_identify(.) by extension 'ignore_ament_install'
[0.360s] Level 1:colcon.colcon_core.package_identification:_identify(.) by extensions ['colcon_pkg']
[0.360s] Level 1:colcon.colcon_core.package_identification:_identify(.) by extension 'colcon_pkg'
[0.360s] Level 1:colcon.colcon_core.package_identification:_identify(.) by extensions ['colcon_meta']
[0.360s] Level 1:colcon.colcon_core.package_identification:_identify(.) by extension 'colcon_meta'
[0.360s] Level 1:colcon.colcon_core.package_identification:_identify(.) by extensions ['ros']
[0.360s] Level 1:colcon.colcon_core.package_identification:_identify(.) by extension 'ros'
[0.420s] DEBUG:colcon.colcon_core.package_identification:Package '.' with type 'ros.ament_python' and name 'ros_101_turtlesim'
[0.420s] Level 1:colcon.colcon_core.package_discovery:discover_packages(recursive) using defaults
[0.420s] Level 1:colcon.colcon_core.package_discovery:discover_packages(ignore) discover
[0.420s] Level 1:colcon.colcon_core.package_discovery:discover_packages(ignore) using defaults
[0.420s] Level 1:colcon.colcon_core.package_discovery:discover_packages(path) discover
[0.420s] Level 1:colcon.colcon_core.package_discovery:discover_packages(path) using defaults
[0.450s] Level 1:colcon.colcon_core.package_discovery:discover_packages(prefix_path) check parameters
[0.450s] Level 1:colcon.colcon_core.package_discovery:discover_packages(prefix_path) discover
[0.456s] DEBUG:colcon.colcon_installed_package_information.package_discovery:Found 29 installed packages in /home/guygan/ros2_ws/install
[0.457s] DEBUG:colcon.colcon_installed_package_information.package_discovery:Found 1 installed packages in /home/guygan/ros2_ws/src/sor_ros101_chantrawongphaisal/install
[0.460s] DEBUG:colcon.colcon_installed_package_information.package_discovery:Found 372 installed packages in /opt/ros/jazzy
[0.463s] Level 1:colcon.colcon_core.package_discovery:discover_packages(prefix_path) using defaults
[0.554s] Level 5:colcon.colcon_core.verb:set package 'ros_101_turtlesim' build argument 'cmake_args' from command line to 'None'
[0.554s] Level 5:colcon.colcon_core.verb:set package 'ros_101_turtlesim' build argument 'cmake_target' from command line to 'None'
[0.554s] Level 5:colcon.colcon_core.verb:set package 'ros_101_turtlesim' build argument 'cmake_target_skip_unavailable' from command line to 'False'
[0.554s] Level 5:colcon.colcon_core.verb:set package 'ros_101_turtlesim' build argument 'cmake_clean_cache' from command line to 'False'
[0.554s] Level 5:colcon.colcon_core.verb:set package 'ros_101_turtlesim' build argument 'cmake_clean_first' from command line to 'False'
[0.554s] Level 5:colcon.colcon_core.verb:set package 'ros_101_turtlesim' build argument 'cmake_force_configure' from command line to 'False'
[0.554s] Level 5:colcon.colcon_core.verb:set package 'ros_101_turtlesim' build argument 'ament_cmake_args' from command line to 'None'
[0.554s] Level 5:colcon.colcon_core.verb:set package 'ros_101_turtlesim' build argument 'catkin_cmake_args' from command line to 'None'
[0.554s] Level 5:colcon.colcon_core.verb:set package 'ros_101_turtlesim' build argument 'catkin_skip_building_tests' from command line to 'False'
[0.554s] DEBUG:colcon.colcon_core.verb:Building package 'ros_101_turtlesim' with the following arguments: {'ament_cmake_args': None, 'build_base': '/home/guygan/ros2_ws/src/sor_ros101_chantrawongphaisal/ros_101_turtlesim/build/ros_101_turtlesim', 'catkin_cmake_args': None, 'catkin_skip_building_tests': False, 'cmake_args': None, 'cmake_clean_cache': False, 'cmake_clean_first': False, 'cmake_force_configure': False, 'cmake_target': None, 'cmake_target_skip_unavailable': False, 'install_base': '/home/guygan/ros2_ws/src/sor_ros101_chantrawongphaisal/ros_101_turtlesim/install/ros_101_turtlesim', 'merge_install': False, 'path': '/home/guygan/ros2_ws/src/sor_ros101_chantrawongphaisal/ros_101_turtlesim', 'symlink_install': False, 'test_result_base': None}
[0.554s] INFO:colcon.colcon_core.executor:Executing jobs using 'parallel' executor
[0.556s] DEBUG:colcon.colcon_parallel_executor.executor.parallel:run_until_complete
[0.556s] INFO:colcon.colcon_ros.task.ament_python.build:Building ROS package in '/home/guygan/ros2_ws/src/sor_ros101_chantrawongphaisal/ros_101_turtlesim' with build type 'ament_python'
[0.556s] Level 1:colcon.colcon_core.shell:create_environment_hook('ros_101_turtlesim', 'ament_prefix_path')
[0.563s] INFO:colcon.colcon_core.plugin_system:Skipping extension 'colcon_core.shell.bat': Not used on non-Windows systems
[0.564s] INFO:colcon.colcon_core.shell:Creating environment hook '/home/guygan/ros2_ws/src/sor_ros101_chantrawongphaisal/ros_101_turtlesim/install/ros_101_turtlesim/share/ros_101_turtlesim/hook/ament_prefix_path.ps1'
[0.566s] INFO:colcon.colcon_core.shell:Creating environment descriptor '/home/guygan/ros2_ws/src/sor_ros101_chantrawongphaisal/ros_101_turtlesim/install/ros_101_turtlesim/share/ros_101_turtlesim/hook/ament_prefix_path.dsv'
[0.567s] INFO:colcon.colcon_core.shell:Creating environment hook '/home/guygan/ros2_ws/src/sor_ros101_chantrawongphaisal/ros_101_turtlesim/install/ros_101_turtlesim/share/ros_101_turtlesim/hook/ament_prefix_path.sh'
[0.570s] INFO:colcon.colcon_core.shell:Skip shell extension 'powershell' for command environment: Not usable outside of PowerShell
[0.570s] DEBUG:colcon.colcon_core.shell:Skip shell extension 'dsv' for command environment
[1.012s] INFO:colcon.colcon_core.task.python.build:Building Python package in '/home/guygan/ros2_ws/src/sor_ros101_chantrawongphaisal/ros_101_turtlesim'
[1.013s] INFO:colcon.colcon_core.shell:Skip shell extension 'powershell' for command environment: Not usable outside of PowerShell
[1.013s] DEBUG:colcon.colcon_core.shell:Skip shell extension 'dsv' for command environment
[2.282s] DEBUG:colcon.colcon_core.event_handler.log_command:Invoking command in '/home/guygan/ros2_ws/src/sor_ros101_chantrawongphaisal/ros_101_turtlesim': DEBUGINFOD_URLS=https://debuginfod.ubuntu.com PYTHONPATH=/home/guygan/ros2_ws/src/sor_ros101_chantrawongphaisal/ros_101_turtlesim/build/ros_101_turtlesim/prefix_override:/usr/lib/python3/dist-packages/colcon_core/task/python/colcon_distutils_commands:/home/guygan/ros2_ws/src/sor_ros101_chantrawongphaisal/ros_101_turtlesim/install/ros_101_turtlesim/lib/python3.12/site-packages:${PYTHONPATH} /usr/bin/python3 -W ignore:setup.py install is deprecated -W ignore:easy_install command is deprecated setup.py egg_info --egg-base build/ros_101_turtlesim build --build-base /home/guygan/ros2_ws/src/sor_ros101_chantrawongphaisal/ros_101_turtlesim/build/ros_101_turtlesim/build install --record /home/guygan/ros2_ws/src/sor_ros101_chantrawongphaisal/ros_101_turtlesim/build/ros_101_turtlesim/install.log --single-version-externally-managed install_data
[3.868s] DEBUG:colcon.colcon_core.event_handler.log_command:Invoked command in '/home/guygan/ros2_ws/src/sor_ros101_chantrawongphaisal/ros_101_turtlesim' returned '0': DEBUGINFOD_URLS=https://debuginfod.ubuntu.com PYTHONPATH=/home/guygan/ros2_ws/src/sor_ros101_chantrawongphaisal/ros_101_turtlesim/build/ros_101_turtlesim/prefix_override:/usr/lib/python3/dist-packages/colcon_core/task/python/colcon_distutils_commands:/home/guygan/ros2_ws/src/sor_ros101_chantrawongphaisal/ros_101_turtlesim/install/ros_101_turtlesim/lib/python3.12/site-packages:${PYTHONPATH} /usr/bin/python3 -W ignore:setup.py install is deprecated -W ignore:easy_install command is deprecated setup.py egg_info --egg-base build/ros_101_turtlesim build --build-base /home/guygan/ros2_ws/src/sor_ros101_chantrawongphaisal/ros_101_turtlesim/build/ros_101_turtlesim/build install --record /home/guygan/ros2_ws/src/sor_ros101_chantrawongphaisal/ros_101_turtlesim/build/ros_101_turtlesim/install.log --single-version-externally-managed install_data
[3.874s] Level 1:colcon.colcon_core.environment:checking '/home/guygan/ros2_ws/src/sor_ros101_chantrawongphaisal/ros_101_turtlesim/install/ros_101_turtlesim' for CMake module files
[3.876s] Level 1:colcon.colcon_core.environment:checking '/home/guygan/ros2_ws/src/sor_ros101_chantrawongphaisal/ros_101_turtlesim/install/ros_101_turtlesim' for CMake config files
[3.877s] Level 1:colcon.colcon_core.environment:checking '/home/guygan/ros2_ws/src/sor_ros101_chantrawongphaisal/ros_101_turtlesim/install/ros_101_turtlesim/lib'
[3.878s] Level 1:colcon.colcon_core.environment:checking '/home/guygan/ros2_ws/src/sor_ros101_chantrawongphaisal/ros_101_turtlesim/install/ros_101_turtlesim/bin'
[3.878s] Level 1:colcon.colcon_core.environment:checking '/home/guygan/ros2_ws/src/sor_ros101_chantrawongphaisal/ros_101_turtlesim/install/ros_101_turtlesim/lib/pkgconfig/ros_101_turtlesim.pc'
[3.878s] Level 1:colcon.colcon_core.environment:checking '/home/guygan/ros2_ws/src/sor_ros101_chantrawongphaisal/ros_101_turtlesim/install/ros_101_turtlesim/lib/python3.12/site-packages'
[3.879s] Level 1:colcon.colcon_core.shell:create_environment_hook('ros_101_turtlesim', 'pythonpath')
[3.879s] INFO:colcon.colcon_core.shell:Creating environment hook '/home/guygan/ros2_ws/src/sor_ros101_chantrawongphaisal/ros_101_turtlesim/install/ros_101_turtlesim/share/ros_101_turtlesim/hook/pythonpath.ps1'
[3.880s] INFO:colcon.colcon_core.shell:Creating environment descriptor '/home/guygan/ros2_ws/src/sor_ros101_chantrawongphaisal/ros_101_turtlesim/install/ros_101_turtlesim/share/ros_101_turtlesim/hook/pythonpath.dsv'
[3.881s] INFO:colcon.colcon_core.shell:Creating environment hook '/home/guygan/ros2_ws/src/sor_ros101_chantrawongphaisal/ros_101_turtlesim/install/ros_101_turtlesim/share/ros_101_turtlesim/hook/pythonpath.sh'
[3.882s] Level 1:colcon.colcon_core.environment:checking '/home/guygan/ros2_ws/src/sor_ros101_chantrawongphaisal/ros_101_turtlesim/install/ros_101_turtlesim/bin'
[3.882s] Level 1:colcon.colcon_core.environment:create_environment_scripts_only(ros_101_turtlesim)
[3.883s] INFO:colcon.colcon_core.shell:Creating package script '/home/guygan/ros2_ws/src/sor_ros101_chantrawongphaisal/ros_101_turtlesim/install/ros_101_turtlesim/share/ros_101_turtlesim/package.ps1'
[3.885s] INFO:colcon.colcon_core.shell:Creating package descriptor '/home/guygan/ros2_ws/src/sor_ros101_chantrawongphaisal/ros_101_turtlesim/install/ros_101_turtlesim/share/ros_101_turtlesim/package.dsv'
[3.886s] INFO:colcon.colcon_core.shell:Creating package script '/home/guygan/ros2_ws/src/sor_ros101_chantrawongphaisal/ros_101_turtlesim/install/ros_101_turtlesim/share/ros_101_turtlesim/package.sh'
[3.888s] INFO:colcon.colcon_core.shell:Creating package script '/home/guygan/ros2_ws/src/sor_ros101_chantrawongphaisal/ros_101_turtlesim/install/ros_101_turtlesim/share/ros_101_turtlesim/package.bash'
[3.891s] INFO:colcon.colcon_core.shell:Creating package script '/home/guygan/ros2_ws/src/sor_ros101_chantrawongphaisal/ros_101_turtlesim/install/ros_101_turtlesim/share/ros_101_turtlesim/package.zsh'
[3.893s] Level 1:colcon.colcon_core.environment:create_file_with_runtime_dependencies(/home/guygan/ros2_ws/src/sor_ros101_chantrawongphaisal/ros_101_turtlesim/install/ros_101_turtlesim/share/colcon-core/packages/ros_101_turtlesim)
[3.894s] DEBUG:colcon.colcon_parallel_executor.executor.parallel:closing loop
[3.895s] DEBUG:colcon.colcon_parallel_executor.executor.parallel:loop closed
[3.895s] DEBUG:colcon.colcon_parallel_executor.executor.parallel:run_until_complete finished with '0'
[3.895s] DEBUG:colcon.colcon_core.event_reactor:joining thread
[3.908s] INFO:colcon.colcon_core.plugin_system:Skipping extension 'colcon_notification.desktop_notification.terminal_notifier': Not used on non-Darwin systems
[3.908s] INFO:colcon.colcon_core.plugin_system:Skipping extension 'colcon_notification.desktop_notification.win32': Not used on non-Windows systems
[3.909s] INFO:colcon.colcon_notification.desktop_notification:Sending desktop notification using 'notify2'
[3.950s] DEBUG:colcon.colcon_core.event_reactor:joined thread
[3.950s] INFO:colcon.colcon_core.shell:Creating prefix script '/home/guygan/ros2_ws/src/sor_ros101_chantrawongphaisal/ros_101_turtlesim/install/local_setup.ps1'
[3.953s] INFO:colcon.colcon_core.shell:Creating prefix util module '/home/guygan/ros2_ws/src/sor_ros101_chantrawongphaisal/ros_101_turtlesim/install/_local_setup_util_ps1.py'
[3.956s] INFO:colcon.colcon_core.shell:Creating prefix chain script '/home/guygan/ros2_ws/src/sor_ros101_chantrawongphaisal/ros_101_turtlesim/install/setup.ps1'
[3.962s] INFO:colcon.colcon_core.shell:Creating prefix script '/home/guygan/ros2_ws/src/sor_ros101_chantrawongphaisal/ros_101_turtlesim/install/local_setup.sh'
[3.963s] INFO:colcon.colcon_core.shell:Creating prefix util module '/home/guygan/ros2_ws/src/sor_ros101_chantrawongphaisal/ros_101_turtlesim/install/_local_setup_util_sh.py'
[3.964s] INFO:colcon.colcon_core.shell:Creating prefix chain script '/home/guygan/ros2_ws/src/sor_ros101_chantrawongphaisal/ros_101_turtlesim/install/setup.sh'
[3.967s] INFO:colcon.colcon_core.shell:Creating prefix script '/home/guygan/ros2_ws/src/sor_ros101_chantrawongphaisal/ros_101_turtlesim/install/local_setup.bash'
[3.968s] INFO:colcon.colcon_core.shell:Creating prefix chain script '/home/guygan/ros2_ws/src/sor_ros101_chantrawongphaisal/ros_101_turtlesim/install/setup.bash'
[3.971s] INFO:colcon.colcon_core.shell:Creating prefix script '/home/guygan/ros2_ws/src/sor_ros101_chantrawongphaisal/ros_101_turtlesim/install/local_setup.zsh'
[3.972s] INFO:colcon.colcon_core.shell:Creating prefix chain script '/home/guygan/ros2_ws/src/sor_ros101_chantrawongphaisal/ros_101_turtlesim/install/setup.zsh'
