running egg_info
creating build/my_robot_description/my_robot_description.egg-info
writing build/my_robot_description/my_robot_description.egg-info/PKG-INFO
writing dependency_links to build/my_robot_description/my_robot_description.egg-info/dependency_links.txt
writing requirements to build/my_robot_description/my_robot_description.egg-info/requires.txt
writing top-level names to build/my_robot_description/my_robot_description.egg-info/top_level.txt
writing manifest file 'build/my_robot_description/my_robot_description.egg-info/SOURCES.txt'
reading manifest file 'build/my_robot_description/my_robot_description.egg-info/SOURCES.txt'
writing manifest file 'build/my_robot_description/my_robot_description.egg-info/SOURCES.txt'
running build
running build_py
creating /home/guygan/ros2_ws/src/my_robot_description/build/my_robot_description/build
creating /home/guygan/ros2_ws/src/my_robot_description/build/my_robot_description/build/lib
creating /home/guygan/ros2_ws/src/my_robot_description/build/my_robot_description/build/lib/my_robot_description
copying my_robot_description/__init__.py -> /home/guygan/ros2_ws/src/my_robot_description/build/my_robot_description/build/lib/my_robot_description
running install
running install_lib
creating /home/guygan/ros2_ws/src/my_robot_description/install/my_robot_description/lib/python3.12/site-packages/my_robot_description
copying /home/guygan/ros2_ws/src/my_robot_description/build/my_robot_description/build/lib/my_robot_description/__init__.py -> /home/guygan/ros2_ws/src/my_robot_description/install/my_robot_description/lib/python3.12/site-packages/my_robot_description
byte-compiling /home/guygan/ros2_ws/src/my_robot_description/install/my_robot_description/lib/python3.12/site-packages/my_robot_description/__init__.py to __init__.cpython-312.pyc
running install_data
creating /home/guygan/ros2_ws/src/my_robot_description/install/my_robot_description/share/ament_index
creating /home/guygan/ros2_ws/src/my_robot_description/install/my_robot_description/share/ament_index/resource_index
creating /home/guygan/ros2_ws/src/my_robot_description/install/my_robot_description/share/ament_index/resource_index/packages
copying resource/my_robot_description -> /home/guygan/ros2_ws/src/my_robot_description/install/my_robot_description/share/ament_index/resource_index/packages
copying package.xml -> /home/guygan/ros2_ws/src/my_robot_description/install/my_robot_description/share/my_robot_description
creating /home/guygan/ros2_ws/src/my_robot_description/install/my_robot_description/share/my_robot_description/launch
copying launch/display.launch.py -> /home/guygan/ros2_ws/src/my_robot_description/install/my_robot_description/share/my_robot_description/launch
creating /home/guygan/ros2_ws/src/my_robot_description/install/my_robot_description/share/my_robot_description/urdf
copying urdf/my_robot.urdf.xacro -> /home/guygan/ros2_ws/src/my_robot_description/install/my_robot_description/share/my_robot_description/urdf
creating /home/guygan/ros2_ws/src/my_robot_description/install/my_robot_description/share/my_robot_description/rviz
copying rviz/urdf_config.rviz -> /home/guygan/ros2_ws/src/my_robot_description/install/my_robot_description/share/my_robot_description/rviz
running install_egg_info
Copying build/my_robot_description/my_robot_description.egg-info to /home/guygan/ros2_ws/src/my_robot_description/install/my_robot_description/lib/python3.12/site-packages/my_robot_description-0.0.0-py3.12.egg-info
running install_scripts
writing list of installed files to '/home/guygan/ros2_ws/src/my_robot_description/build/my_robot_description/install.log'
